<?xml version="1.0" encoding="UTF-8"?>
<!-- Generated by org.testng.reporters.JUnitXMLReporter -->
<testsuite hostname="User-PC" ignored="0" name="Test" tests="3" failures="1" timestamp="2021-11-17T11:00:19 IST" time="72.296" errors="0">
  <testcase name="test01" time="28.155" classname="com.selListener.ListenerTest">
    <skipped/>
  </testcase> <!-- test01 -->
  <testcase name="test01" time="22.117" classname="com.selListener.ListenerTest">
    <skipped/>
  </testcase> <!-- test01 -->
  <testcase name="test01" time="21.84" classname="com.selListener.ListenerTest">
    <failure type="java.lang.AssertionError" message="expected [JavaByKiran | DashBoard1] but found [JavaByKiran | Dashboard]">
      <![CDATA[java.lang.AssertionError: expected [JavaByKiran | DashBoard1] but found [JavaByKiran | Dashboard]
at com.selListener.ListenerTest.test01(ListenerTest.java:44)
at java.util.concurrent.ThreadPoolExecutor.runWorker(ThreadPoolExecutor.java:1149)
at java.util.concurrent.ThreadPoolExecutor$Worker.run(ThreadPoolExecutor.java:624)
at java.lang.Thread.run(Thread.java:748)
... Removed 18 stack frames]]>
    </failure>
  </testcase> <!-- test01 -->
</testsuite> <!-- Test -->
